build 3/app/outputs/logs/manifest-merger-debug-report.txt
-- Merging decision tree log ---
manifest
ADDED from src/main/AndroidManifest.xml:1:1-54:12
INJECTED from src/main/AndroidManifest.xml:1:1-54:12
INJECTED from src/main/AndroidManifest.xml:1:1-54:12
INJECTED from src/main/AndroidManifest.xml:1:1-54:12
MERGED from src/main/AndroidManifest.xml:1:1-54:12
MERGED from [:shared_preferences_android] AndroidManifest.xml:2:1-9:12
MERGED from [:image_picker_android] AndroidManifest.xml:2:1-21:12
MERGED from [:flutter_plugin_android_lifecycle] AndroidManifest.xml:2:1-9:12
MERGED from [:sqflite] AndroidManifest.xml:2:1-9:12
MERGED from [:path_provider_android] AndroidManifest.xml:2:1-9:12
MERGED from [:printing] AndroidManifest.xml:2:1-21:12
MERGED from [androidx.fragment:fragment:1.1.0] AndroidManifest.xml:17:1-24:12
MERGED from [androidx.activity:activity:1.7.2] AndroidManifest.xml:17:1-22:12
MERGED from [androidx.window:window-java:1.0.0-beta04] AndroidManifest.xml:17:1-23:12
MERGED from [androidx.viewpager:viewpager:1.0.0] AndroidManifest.xml:17:1-22:12
MERGED from [androidx.loader:loader:1.0.0] AndroidManifest.xml:17:1-22:12
MERGED from [androidx.window:window:1.0.0-beta04] AndroidManifest.xml:17:1-33:12
MERGED from [androidx.core:core-ktx:1.10.1] AndroidManifest.xml:2:1-7:12
MERGED from [androidx.customview:customview:1.0.0] AndroidManifest.xml:17:1-22:12
MERGED from [androidx.core:core:1.10.1] AndroidManifest.xml:17:1-30:12
MERGED from [androidx.savedstate:savedstate:1.2.1] AndroidManifest.xml:17:1-22:12
MERGED from [androidx.lifecycle:lifecycle-livedata:2.6.1] AndroidManifest.xml:17:1-22:12
MERGED from [androidx.lifecycle:lifecycle-livedata-core:2.6.1] AndroidManifest.xml:17:1-22:12
MERGED from [androidx.lifecycle:lifecycle-viewmodel:2.6.1] AndroidManifest.xml:17:1-22:12
MERGED from [androidx.lifecycle:lifecycle-runtime:2.6.1] AndroidManifest.xml:2:1-7:12
MERGED from [androidx.lifecycle:lifecycle-viewmodel-savedstate:2.6.1] AndroidManifest.xml:17:1-22:12
MERGED from [androidx.exifinterface:exifinterface:1.3.6] AndroidManifest.xml:17:1-24:12
MERGED from [androidx.profileinstaller:profileinstaller:1.3.0] AndroidManifest.xml:17:1-55:12
MERGED from [androidx.startup:startup-runtime:1.1.1] AndroidManifest.xml:17:1-33:12
MERGED from [androidx.tracing:tracing:1.0.0] AndroidManifest.xml:17:1-24:12
MERGED from [androidx.interpolator:interpolator:1.0.0] AndroidManifest.xml:17:1-22:12
MERGED from [androidx.versionedparcelable:versionedparcelable:1.1.1] AndroidManifest.xml:17:1-27:12
MERGED from [androidx.arch.core:core-runtime:2.2.0] AndroidManifest.xml:17:1-22:12
MERGED from [androidx.annotation:annotation-experimental:1.3.0] AndroidManifest.xml:17:1-22:12
INJECTED from src/debug/AndroidManifest.xml:1:1-7:12
INJECTED from src/debug/AndroidManifest.xml:1:1-7:12
INJECTED from src/debug/AndroidManifest.xml:1:1-7:12
	package
		ADDED from src/main/AndroidManifest.xml:2:5-38
		INJECTED from src/main/AndroidManifest.xml
		INJECTED from src/debug/AndroidManifest.xml
	android:versionName
		INJECTED from src/main/AndroidManifest.xml
		ADDED from src/main/AndroidManifest.xml:1:1-54:12
		INJECTED from src/debug/AndroidManifest.xml
	android:versionCode
		INJECTED from src/main/AndroidManifest.xml
		ADDED from src/main/AndroidManifest.xml:1:1-54:12
		INJECTED from src/debug/AndroidManifest.xml
	xmlns:android
		ADDED from src/main/AndroidManifest.xml:1:11-69
uses-permission#android.permission.CAMERA
ADDED from src/main/AndroidManifest.xml:8:5-64
	android:name
		ADDED from src/main/AndroidManifest.xml:8:22-62
uses-permission#android.permission.READ_EXTERNAL_STORAGE
ADDED from src/main/AndroidManifest.xml:9:5-10:38
	android:maxSdkVersion
		ADDED from src/main/AndroidManifest.xml:10:9-35
	android:name
		ADDED from src/main/AndroidManifest.xml:9:22-77
uses-permission#android.permission.READ_MEDIA_IMAGES
ADDED from src/main/AndroidManifest.xml:11:5-76
	android:name
		ADDED from src/main/AndroidManifest.xml:11:22-73
uses-permission#android.permission.INTERNET
ADDED from src/main/AndroidManifest.xml:12:5-66
MERGED from src/main/AndroidManifest.xml:12:5-66
MERGED from src/main/AndroidManifest.xml:12:5-66
	android:name
		ADDED from src/main/AndroidManifest.xml:12:22-64
uses-permission#android.permission.POST_NOTIFICATIONS
ADDED from src/main/AndroidManifest.xml:13:5-76
	android:name
		ADDED from src/main/AndroidManifest.xml:13:22-74
application
ADDED from src/main/AndroidManifest.xml:15:5-53:19
MERGED from [:image_picker_android] AndroidManifest.xml:9:5-19:19
MERGED from [:image_picker_android] AndroidManifest.xml:9:5-19:19
MERGED from [:printing] AndroidManifest.xml:9:5-19:19
MERGED from [:printing] AndroidManifest.xml:9:5-19:19
MERGED from [androidx.window:window:1.0.0-beta04] AndroidManifest.xml:24:5-31:19
MERGED from [androidx.window:window:1.0.0-beta04] AndroidManifest.xml:24:5-31:19
MERGED from [androidx.core:core:1.10.1] AndroidManifest.xml:28:5-89
MERGED from [androidx.core:core:1.10.1] AndroidManifest.xml:28:5-89
MERGED from [androidx.profileinstaller:profileinstaller:1.3.0] AndroidManifest.xml:23:5-53:19
MERGED from [androidx.profileinstaller:profileinstaller:1.3.0] AndroidManifest.xml:23:5-53:19
MERGED from [androidx.startup:startup-runtime:1.1.1] AndroidManifest.xml:25:5-31:19
MERGED from [androidx.startup:startup-runtime:1.1.1] AndroidManifest.xml:25:5-31:19
MERGED from [androidx.versionedparcelable:versionedparcelable:1.1.1] AndroidManifest.xml:24:5-25:19
MERGED from [androidx.versionedparcelable:versionedparcelable:1.1.1] AndroidManifest.xml:24:5-25:19
	android:appComponentFactory
		ADDED from [androidx.core:core:1.10.1] AndroidManifest.xml:28:18-86
	android:label
		ADDED from src/main/AndroidManifest.xml:16:9-40
	android:icon
		ADDED from src/main/AndroidManifest.xml:17:9-43
activity#com.groomely.seller.app.MainActivity
ADDED from src/main/AndroidManifest.xml:18:9-47:20
	android:launchMode
		ADDED from src/main/AndroidManifest.xml:20:13-43
	android:hardwareAccelerated
		ADDED from src/main/AndroidManifest.xml:23:13-47
	android:windowSoftInputMode
		ADDED from src/main/AndroidManifest.xml:25:13-55
	android:exported
		ADDED from src/main/AndroidManifest.xml:24:13-36
	android:configChanges
		ADDED from src/main/AndroidManifest.xml:22:13-163
	android:theme
		ADDED from src/main/AndroidManifest.xml:21:13-47
	android:name
		ADDED from src/main/AndroidManifest.xml:19:13-41
meta-data#io.flutter.embedding.android.NormalTheme
ADDED from src/main/AndroidManifest.xml:30:13-33:17
	android:resource
		ADDED from src/main/AndroidManifest.xml:32:15-52
	android:name
		ADDED from src/main/AndroidManifest.xml:31:15-70
intent-filter#action:name:android.intent.action.MAIN+category:name:android.intent.category.LAUNCHER
ADDED from src/main/AndroidManifest.xml:43:13-46:29
action#android.intent.action.MAIN
ADDED from src/main/AndroidManifest.xml:44:17-68
	android:name
		ADDED from src/main/AndroidManifest.xml:44:25-66
category#android.intent.category.LAUNCHER
ADDED from src/main/AndroidManifest.xml:45:17-76
	android:name
		ADDED from src/main/AndroidManifest.xml:45:27-74
meta-data#flutterEmbedding
ADDED from src/main/AndroidManifest.xml:50:9-52:33
	android:value
		ADDED from src/main/AndroidManifest.xml:52:13-30
	android:name
		ADDED from src/main/AndroidManifest.xml:51:13-44
uses-sdk
INJECTED from src/main/AndroidManifest.xml reason: use-sdk injection requested
INJECTED from src/main/AndroidManifest.xml
INJECTED from src/main/AndroidManifest.xml
MERGED from [:shared_preferences_android] AndroidManifest.xml:5:5-7:41
MERGED from [:shared_preferences_android] AndroidManifest.xml:5:5-7:41
MERGED from [:image_picker_android] AndroidManifest.xml:5:5-7:41
MERGED from [:image_picker_android] AndroidManifest.xml:5:5-7:41
MERGED from [:flutter_plugin_android_lifecycle] AndroidManifest.xml:5:5-7:41
MERGED from [:flutter_plugin_android_lifecycle] AndroidManifest.xml:5:5-7:41
MERGED from [:sqflite] AndroidManifest.xml:5:5-7:41
MERGED from [:sqflite] AndroidManifest.xml:5:5-7:41
MERGED from [:path_provider_android] AndroidManifest.xml:5:5-7:41
MERGED from [:path_provider_android] AndroidManifest.xml:5:5-7:41
MERGED from [:printing] AndroidManifest.xml:5:5-7:41
MERGED from [:printing] AndroidManifest.xml:5:5-7:41
MERGED from [androidx.fragment:fragment:1.1.0] AndroidManifest.xml:20:5-22:41
MERGED from [androidx.fragment:fragment:1.1.0] AndroidManifest.xml:20:5-22:41
MERGED from [androidx.activity:activity:1.7.2] AndroidManifest.xml:20:5-44
MERGED from [androidx.activity:activity:1.7.2] AndroidManifest.xml:20:5-44
MERGED from [androidx.window:window-java:1.0.0-beta04] AndroidManifest.xml:19:5-21:41
MERGED from [androidx.window:window-java:1.0.0-beta04] AndroidManifest.xml:19:5-21:41
MERGED from [androidx.viewpager:viewpager:1.0.0] AndroidManifest.xml:20:5-44
MERGED from [androidx.viewpager:viewpager:1.0.0] AndroidManifest.xml:20:5-44
MERGED from [androidx.loader:loader:1.0.0] AndroidManifest.xml:20:5-44
MERGED from [androidx.loader:loader:1.0.0] AndroidManifest.xml:20:5-44
MERGED from [androidx.window:window:1.0.0-beta04] AndroidManifest.xml:20:5-22:41
MERGED from [androidx.window:window:1.0.0-beta04] AndroidManifest.xml:20:5-22:41
MERGED from [androidx.core:core-ktx:1.10.1] AndroidManifest.xml:5:5-44
MERGED from [androidx.core:core-ktx:1.10.1] AndroidManifest.xml:5:5-44
MERGED from [androidx.customview:customview:1.0.0] AndroidManifest.xml:20:5-44
MERGED from [androidx.customview:customview:1.0.0] AndroidManifest.xml:20:5-44
MERGED from [androidx.core:core:1.10.1] AndroidManifest.xml:20:5-44
MERGED from [androidx.core:core:1.10.1] AndroidManifest.xml:20:5-44
MERGED from [androidx.savedstate:savedstate:1.2.1] AndroidManifest.xml:20:5-44
MERGED from [androidx.savedstate:savedstate:1.2.1] AndroidManifest.xml:20:5-44
MERGED from [androidx.lifecycle:lifecycle-livedata:2.6.1] AndroidManifest.xml:20:5-44
MERGED from [androidx.lifecycle:lifecycle-livedata:2.6.1] AndroidManifest.xml:20:5-44
MERGED from [androidx.lifecycle:lifecycle-livedata-core:2.6.1] AndroidManifest.xml:20:5-44
MERGED from [androidx.lifecycle:lifecycle-livedata-core:2.6.1] AndroidManifest.xml:20:5-44
MERGED from [androidx.lifecycle:lifecycle-viewmodel:2.6.1] AndroidManifest.xml:20:5-44
MERGED from [androidx.lifecycle:lifecycle-viewmodel:2.6.1] AndroidManifest.xml:20:5-44
MERGED from [androidx.lifecycle:lifecycle-runtime:2.6.1] AndroidManifest.xml:5:5-44
MERGED from [androidx.lifecycle:lifecycle-runtime:2.6.1] AndroidManifest.xml:5:5-44
MERGED from [androidx.lifecycle:lifecycle-viewmodel-savedstate:2.6.1] AndroidManifest.xml:20:5-44
MERGED from [androidx.lifecycle:lifecycle-viewmodel-savedstate:2.6.1] AndroidManifest.xml:20:5-44
MERGED from [androidx.exifinterface:exifinterface:1.3.6] AndroidManifest.xml:20:5-22:41
MERGED from [androidx.exifinterface:exifinterface:1.3.6] AndroidManifest.xml:20:5-22:41
MERGED from [androidx.profileinstaller:profileinstaller:1.3.0] AndroidManifest.xml:21:5-44
MERGED from [androidx.profileinstaller:profileinstaller:1.3.0] AndroidManifest.xml:21:5-44
MERGED from [androidx.startup:startup-runtime:1.1.1] AndroidManifest.xml:21:5-23:41
MERGED from [androidx.startup:startup-runtime:1.1.1] AndroidManifest.xml:21:5-23:41
MERGED from [androidx.tracing:tracing:1.0.0] AndroidManifest.xml:20:5-22:41
MERGED from [androidx.tracing:tracing:1.0.0] AndroidManifest.xml:20:5-22:41
MERGED from [androidx.interpolator:interpolator:1.0.0] AndroidManifest.xml:20:5-44
MERGED from [androidx.interpolator:interpolator:1.0.0] AndroidManifest.xml:20:5-44
MERGED from [androidx.versionedparcelable:versionedparcelable:1.1.1] AndroidManifest.xml:20:5-22:41
MERGED from [androidx.versionedparcelable:versionedparcelable:1.1.1] AndroidManifest.xml:20:5-22:41
MERGED from [androidx.arch.core:core-runtime:2.2.0] AndroidManifest.xml:20:5-44
MERGED from [androidx.arch.core:core-runtime:2.2.0] AndroidManifest.xml:20:5-44
MERGED from [androidx.annotation:annotation-experimental:1.3.0] AndroidManifest.xml:20:5-44
MERGED from [androidx.annotation:annotation-experimental:1.3.0] AndroidManifest.xml:20:5-44
INJECTED from src/debug/AndroidManifest.xml
INJECTED from src/debug/AndroidManifest.xml
	android:targetSdkVersion
		INJECTED from src/main/AndroidManifest.xml
		INJECTED from src/debug/AndroidManifest.xml
	android:minSdkVersion
		INJECTED from src/main/AndroidManifest.xml
		INJECTED from src/debug/AndroidManifest.xml
provider#io.flutter.plugins.imagepicker.ImagePickerFileProvider
ADDED from [:image_picker_android] AndroidManifest.xml:10:9-18:20
	android:grantUriPermissions
		ADDED from [:image_picker_android] AndroidManifest.xml:14:13-47
	android:authorities
		ADDED from [:image_picker_android] AndroidManifest.xml:12:13-74
	android:exported
		ADDED from [:image_picker_android] AndroidManifest.xml:13:13-37
	android:name
		ADDED from [:image_picker_android] AndroidManifest.xml:11:13-82
meta-data#android.support.FILE_PROVIDER_PATHS
ADDED from [:image_picker_android] AndroidManifest.xml:15:13-17:75
	android:resource
		ADDED from [:image_picker_android] AndroidManifest.xml:17:17-72
	android:name
		ADDED from [:image_picker_android] AndroidManifest.xml:16:17-67
provider#net.nfet.flutter.printing.PrintFileProvider
ADDED from [:printing] AndroidManifest.xml:10:9-18:20
	android:grantUriPermissions
		ADDED from [:printing] AndroidManifest.xml:14:13-47
	android:authorities
		ADDED from [:printing] AndroidManifest.xml:12:13-68
	android:exported
		ADDED from [:printing] AndroidManifest.xml:13:13-37
	android:name
		ADDED from [:printing] AndroidManifest.xml:11:13-71
uses-library#androidx.window.extensions
ADDED from [androidx.window:window:1.0.0-beta04] AndroidManifest.xml:25:9-27:40
	android:required
		ADDED from [androidx.window:window:1.0.0-beta04] AndroidManifest.xml:27:13-37
	android:name
		ADDED from [androidx.window:window:1.0.0-beta04] AndroidManifest.xml:26:13-54
uses-library#androidx.window.sidecar
ADDED from [androidx.window:window:1.0.0-beta04] AndroidManifest.xml:28:9-30:40
	android:required
		ADDED from [androidx.window:window:1.0.0-beta04] AndroidManifest.xml:30:13-37
	android:name
		ADDED from [androidx.window:window:1.0.0-beta04] AndroidManifest.xml:29:13-51
permission#${applicationId}.DYNAMIC_RECEIVER_NOT_EXPORTED_PERMISSION
ADDED from [androidx.core:core:1.10.1] AndroidManifest.xml:22:5-24:47
	android:protectionLevel
		ADDED from [androidx.core:core:1.10.1] AndroidManifest.xml:24:9-44
	android:name
		ADDED from [androidx.core:core:1.10.1] AndroidManifest.xml:23:9-81
permission#com.groomely.seller.app.DYNAMIC_RECEIVER_NOT_EXPORTED_PERMISSION
ADDED from [androidx.core:core:1.10.1] AndroidManifest.xml:22:5-24:47
	android:protectionLevel
		ADDED from [androidx.core:core:1.10.1] AndroidManifest.xml:24:9-44
	android:name
		ADDED from [androidx.core:core:1.10.1] AndroidManifest.xml:23:9-81
uses-permission#${applicationId}.DYNAMIC_RECEIVER_NOT_EXPORTED_PERMISSION
ADDED from [androidx.core:core:1.10.1] AndroidManifest.xml:26:5-97
	android:name
		ADDED from [androidx.core:core:1.10.1] AndroidManifest.xml:26:22-94
uses-permission#com.groomely.seller.app.DYNAMIC_RECEIVER_NOT_EXPORTED_PERMISSION
ADDED from [androidx.core:core:1.10.1] AndroidManifest.xml:26:5-97
	android:name
		ADDED from [androidx.core:core:1.10.1] AndroidManifest.xml:26:22-94
provider#androidx.startup.InitializationProvider
ADDED from [androidx.profileinstaller:profileinstaller:1.3.0] AndroidManifest.xml:24:9-32:20
MERGED from [androidx.startup:startup-runtime:1.1.1] AndroidManifest.xml:26:9-30:34
MERGED from [androidx.startup:startup-runtime:1.1.1] AndroidManifest.xml:26:9-30:34
	tools:node
		ADDED from [androidx.profileinstaller:profileinstaller:1.3.0] AndroidManifest.xml:28:13-31
	android:authorities
		ADDED from [androidx.profileinstaller:profileinstaller:1.3.0] AndroidManifest.xml:26:13-68
	android:exported
		ADDED from [androidx.profileinstaller:profileinstaller:1.3.0] AndroidManifest.xml:27:13-37
	android:name
		ADDED from [androidx.profileinstaller:profileinstaller:1.3.0] AndroidManifest.xml:25:13-67
meta-data#androidx.profileinstaller.ProfileInstallerInitializer
ADDED from [androidx.profileinstaller:profileinstaller:1.3.0] AndroidManifest.xml:29:13-31:52
	android:value
		ADDED from [androidx.profileinstaller:profileinstaller:1.3.0] AndroidManifest.xml:31:17-49
	android:name
		ADDED from [androidx.profileinstaller:profileinstaller:1.3.0] AndroidManifest.xml:30:17-85
receiver#androidx.profileinstaller.ProfileInstallReceiver
ADDED from [androidx.profileinstaller:profileinstaller:1.3.0] AndroidManifest.xml:34:9-52:20
	android:enabled
		ADDED from [androidx.profileinstaller:profileinstaller:1.3.0] AndroidManifest.xml:37:13-35
	android:exported
		ADDED from [androidx.profileinstaller:profileinstaller:1.3.0] AndroidManifest.xml:38:13-36
	android:permission
		ADDED from [androidx.profileinstaller:profileinstaller:1.3.0] AndroidManifest.xml:39:13-57
	android:directBootAware
		ADDED from [androidx.profileinstaller:profileinstaller:1.3.0] AndroidManifest.xml:36:13-44
	android:name
		ADDED from [androidx.profileinstaller:profileinstaller:1.3.0] AndroidManifest.xml:35:13-76
intent-filter#action:name:androidx.profileinstaller.action.INSTALL_PROFILE
ADDED from [androidx.profileinstaller:profileinstaller:1.3.0] AndroidManifest.xml:40:13-42:29
action#androidx.profileinstaller.action.INSTALL_PROFILE
ADDED from [androidx.profileinstaller:profileinstaller:1.3.0] AndroidManifest.xml:41:17-91
	android:name
		ADDED from [androidx.profileinstaller:profileinstaller:1.3.0] AndroidManifest.xml:41:25-88
intent-filter#action:name:androidx.profileinstaller.action.SKIP_FILE
ADDED from [androidx.profileinstaller:profileinstaller:1.3.0] AndroidManifest.xml:43:13-45:29
action#androidx.profileinstaller.action.SKIP_FILE
ADDED from [androidx.profileinstaller:profileinstaller:1.3.0] AndroidManifest.xml:44:17-85
	android:name
		ADDED from [androidx.profileinstaller:profileinstaller:1.3.0] AndroidManifest.xml:44:25-82
intent-filter#action:name:androidx.profileinstaller.action.SAVE_PROFILE
ADDED from [androidx.profileinstaller:profileinstaller:1.3.0] AndroidManifest.xml:46:13-48:29
action#androidx.profileinstaller.action.SAVE_PROFILE
ADDED from [androidx.profileinstaller:profileinstaller:1.3.0] AndroidManifest.xml:47:17-88
	android:name
		ADDED from [androidx.profileinstaller:profileinstaller:1.3.0] AndroidManifest.xml:47:25-85
intent-filter#action:name:androidx.profileinstaller.action.BENCHMARK_OPERATION
ADDED from [androidx.profileinstaller:profileinstaller:1.3.0] AndroidManifest.xml:49:13-51:29
action#androidx.profileinstaller.action.BENCHMARK_OPERATION
ADDED from [androidx.profileinstaller:profileinstaller:1.3.0] AndroidManifest.xml:50:17-95
	android:name
		ADDED from [androidx.profileinstaller:profileinstaller:1.3.0] AndroidManifest.xml:50:25-92